#
# There is insufficient memory for the Java Runtime Environment to continue.
# Native memory allocation (malloc) failed to allocate 1237536 bytes for Chunk::new
# Possible reasons:
#   The system is out of physical RAM or swap space
#   In 32 bit mode, the process size limit was hit
# Possible solutions:
#   Reduce memory load on the system
#   Increase physical memory or swap space
#   Check if swap backing store is full
#   Use 64 bit Java on a 64 bit OS
#   Decrease Java heap size (-Xmx/-Xms)
#   Decrease number of Java threads
#   Decrease Java thread stack sizes (-Xss)
#   Set larger code cache with -XX:ReservedCodeCacheSize=
# This output file may be truncated or incomplete.
#
#  Out of Memory Error (allocation.cpp:390), pid=38696, tid=0x0000000000009eb8
#
# JRE version: OpenJDK Runtime Environment (8.0_152-b04) (build 1.8.0_152-release-1136-b04)
# Java VM: OpenJDK 64-Bit Server VM (25.152-b04 mixed mode windows-amd64 compressed oops)
# Failed to write core dump. Minidumps are not enabled by default on client versions of Windows
#

---------------  T H R E A D  ---------------

Current thread (0x0000000016413000):  JavaThread "C2 CompilerThread1" daemon [_thread_in_native, id=40632, stack(0x0000000017b70000,0x0000000017c70000)]

Stack: [0x0000000017b70000,0x0000000017c70000]
[error occurred during error reporting (printing stack bounds), id 0xc0000005]

Native frames: (J=compiled Java code, j=interpreted, Vv=VM code, C=native code)


Current CompileTask:
C2:30759835 66934 %     4       com.android.builder.merge.LazyIncrementalFileMergerInput::lambda$new$2 @ 27 (104 bytes)


---------------  P R O C E S S  ---------------

Java Threads: ( => current thread )
  0x000000002de18800 JavaThread "ForkJoinPool-818-worker-0" daemon [_thread_blocked, id=56200, stack(0x0000000047e40000,0x0000000047f40000)]
  0x000000002de12800 JavaThread "ForkJoinPool-818-worker-3" daemon [_thread_blocked, id=54360, stack(0x0000000047d40000,0x0000000047e40000)]
  0x000000002de16800 JavaThread "ForkJoinPool-818-worker-1" daemon [_thread_blocked, id=55952, stack(0x0000000047b40000,0x0000000047c40000)]
  0x000000001b35b800 JavaThread "ForkJoinPool-817-worker-0" daemon [_thread_blocked, id=50208, stack(0x0000000047a40000,0x0000000047b40000)]
  0x000000001b359000 JavaThread "ForkJoinPool-817-worker-3" daemon [_thread_blocked, id=53504, stack(0x0000000047940000,0x0000000047a40000)]
  0x000000001b34f800 JavaThread "ForkJoinPool-817-worker-2" daemon [_thread_blocked, id=48292, stack(0x0000000047840000,0x0000000047940000)]
  0x000000001cb0b000 JavaThread "Cache worker for Java compile cache (D:\Android\AndroidStudioProjects\Projetos2018\ProjetoNet\NodeMaps\.gradle\4.6\javaCompile)" [_thread_blocked, id=55548, stack(0x0000000047640000,0x0000000047740000)]
  0x000000001cb0a000 JavaThread "stdout" daemon [_thread_in_native, id=56092, stack(0x0000000047540000,0x0000000047640000)]
  0x000000001cb10000 JavaThread "stderr" daemon [_thread_in_native, id=54732, stack(0x0000000047440000,0x0000000047540000)]
  0x000000001cb0f800 JavaThread "stdout" daemon [_thread_in_native, id=52300, stack(0x0000000047340000,0x0000000047440000)]
  0x000000001cb0e800 JavaThread "stderr" daemon [_thread_in_native, id=55200, stack(0x0000000047240000,0x0000000047340000)]
  0x00000000204bd800 JavaThread "stdout" daemon [_thread_in_native, id=52580, stack(0x0000000047140000,0x0000000047240000)]
  0x00000000204c1000 JavaThread "stderr" daemon [_thread_in_native, id=54396, stack(0x0000000047040000,0x0000000047140000)]
  0x00000000204bf000 JavaThread "pool-736-thread-1" [_thread_blocked, id=56100, stack(0x0000000046f40000,0x0000000047040000)]
  0x00000000204c4000 JavaThread "ForkJoinPool.commonPool-worker-2" daemon [_thread_blocked, id=38364, stack(0x0000000046d40000,0x0000000046e40000)]
  0x000000002943b800 JavaThread "Task worker for ':' Thread 3" [_thread_blocked, id=49952, stack(0x0000000046a40000,0x0000000046b40000)]
  0x000000002943a000 JavaThread "Task worker for ':' Thread 2" [_thread_blocked, id=55772, stack(0x0000000046940000,0x0000000046a40000)]
  0x0000000029438800 JavaThread "Task worker for ':'" [_thread_in_native, id=56264, stack(0x0000000046840000,0x0000000046940000)]
  0x0000000029430000 JavaThread "Cache worker for Build Output Cleanup Cache (D:\Android\AndroidStudioProjects\Projetos2018\ProjetoNet\NodeMaps\.gradle\buildOutputCleanup)" [_thread_blocked, id=55032, stack(0x0000000046740000,0x0000000046840000)]
  0x0000000029436000 JavaThread "Cache worker for task history cache (D:\Android\AndroidStudioProjects\Projetos2018\ProjetoNet\NodeMaps\.gradle\4.6\taskHistory)" [_thread_blocked, id=49216, stack(0x0000000046640000,0x0000000046740000)]
  0x0000000029432800 JavaThread "Cache worker for file content cache (D:\Android\AndroidStudioProjects\Projetos2018\ProjetoNet\NodeMaps\.gradle\4.6\fileContent)" [_thread_blocked, id=55872, stack(0x0000000046540000,0x0000000046640000)]
  0x0000000029431800 JavaThread "Build operations Thread 4" [_thread_blocked, id=55944, stack(0x0000000046440000,0x0000000046540000)]
  0x0000000029434000 JavaThread "Build operations Thread 3" [_thread_blocked, id=55164, stack(0x0000000046340000,0x0000000046440000)]
  0x0000000029437000 JavaThread "Build operations Thread 2" [_thread_blocked, id=56064, stack(0x0000000046240000,0x0000000046340000)]
  0x000000002942e800 JavaThread "Build operations" [_thread_blocked, id=55020, stack(0x0000000046140000,0x0000000046240000)]
  0x0000000029431000 JavaThread "Cache worker for Artifact transforms cache (C:\Users\danie\.gradle\caches\transforms-1)" [_thread_blocked, id=47176, stack(0x0000000046040000,0x0000000046140000)]
  0x000000002942f800 JavaThread "Cache worker for file hash cache (D:\Android\AndroidStudioProjects\Projetos2018\ProjetoNet\NodeMaps\.gradle\4.6\fileHashes)" [_thread_blocked, id=45480, stack(0x0000000045f40000,0x0000000046040000)]
  0x0000000029433000 JavaThread "Stdin handler" [_thread_blocked, id=56292, stack(0x0000000045e40000,0x0000000045f40000)]
  0x000000002942e000 JavaThread "Asynchronous log dispatcher for DefaultDaemonConnection: socket connection from /127.0.0.1:17096 to /127.0.0.1:21538" [_thread_blocked, id=55392, stack(0x0000000045d40000,0x0000000045e40000)]
  0x000000001b2f2800 JavaThread "Daemon worker Thread 66" [_thread_blocked, id=56060, stack(0x0000000045c40000,0x0000000045d40000)]
  0x000000001b2e9800 JavaThread "Cancel handler" [_thread_blocked, id=55624, stack(0x0000000045b40000,0x0000000045c40000)]
  0x000000001b2ee000 JavaThread "Handler for socket connection from /127.0.0.1:17096 to /127.0.0.1:21538" [_thread_in_native, id=52572, stack(0x0000000045a40000,0x0000000045b40000)]
  0x000000001b2ed800 JavaThread "Daemon Thread 66" [_thread_blocked, id=55728, stack(0x0000000045940000,0x0000000045a40000)]
  0x000000001b2f5000 JavaThread "pool-612-thread-1" [_thread_blocked, id=42780, stack(0x0000000052740000,0x0000000052840000)]
  0x000000001b34d000 JavaThread "pool-609-thread-1" [_thread_blocked, id=52600, stack(0x0000000050d40000,0x0000000050e40000)]
  0x000000001cb17800 JavaThread "pool-601-thread-1" [_thread_blocked, id=52876, stack(0x000000004b040000,0x000000004b140000)]
  0x000000001cb14000 JavaThread "pool-578-thread-1" [_thread_blocked, id=53196, stack(0x0000000042140000,0x0000000042240000)]
  0x000000001b2f4000 JavaThread "pool-572-thread-1" [_thread_blocked, id=51756, stack(0x000000003c640000,0x000000003c740000)]
  0x000000001fc1b000 JavaThread "Memory manager" [_thread_blocked, id=42868, stack(0x0000000021f40000,0x0000000022040000)]
  0x000000001b183000 JavaThread "pool-1-thread-1" [_thread_blocked, id=42424, stack(0x0000000021c40000,0x0000000021d40000)]
  0x00000000198ba000 JavaThread "File lock request listener" [_thread_in_native, id=33916, stack(0x000000001aed0000,0x000000001afd0000)]
  0x000000001958f000 JavaThread "Cache worker for file hash cache (C:\Users\danie\.gradle\caches\4.6\fileHashes)" [_thread_blocked, id=31588, stack(0x000000001add0000,0x000000001aed0000)]
  0x00000000191c6800 JavaThread "Daemon periodic checks" [_thread_blocked, id=42276, stack(0x000000001a2d0000,0x000000001a3d0000)]
  0x00000000191c5800 JavaThread "Incoming local TCP Connector on port 17096" [_thread_in_native, id=13064, stack(0x000000001a080000,0x000000001a180000)]
  0x000000001646e800 JavaThread "Service Thread" daemon [_thread_blocked, id=42316, stack(0x0000000018170000,0x0000000018270000)]
  0x0000000016442800 JavaThread "C1 CompilerThread2" daemon [_thread_blocked, id=39408, stack(0x0000000017c70000,0x0000000017d70000)]
=>0x0000000016413000 JavaThread "C2 CompilerThread1" daemon [_thread_in_native, id=40632, stack(0x0000000017b70000,0x0000000017c70000)]
  0x000000001640e000 JavaThread "C2 CompilerThread0" daemon [_thread_blocked, id=40240, stack(0x0000000017a70000,0x0000000017b70000)]
  0x000000001640a800 JavaThread "Attach Listener" daemon [_thread_blocked, id=39860, stack(0x0000000017970000,0x0000000017a70000)]
  0x0000000016409800 JavaThread "Signal Dispatcher" daemon [_thread_blocked, id=41772, stack(0x0000000017870000,0x0000000017970000)]
  0x00000000163fe000 JavaThread "Finalizer" daemon [_thread_blocked, id=38444, stack(0x0000000017660000,0x0000000017760000)]
  0x0000000002a93000 JavaThread "Reference Handler" daemon [_thread_blocked, id=34544, stack(0x0000000017560000,0x0000000017660000)]
  0x00000000027ed800 JavaThread "main" [_thread_blocked, id=38368, stack(0x00000000028a0000,0x00000000029a0000)]

Other Threads:
  0x00000000163d7800 VMThread [stack: 0x0000000017460000,0x0000000017560000] [id=41108]
  0x0000000017dac800 WatcherThread [stack: 0x0000000018270000,0x0000000018370000] [id=40976]

VM state:not at safepoint (normal execution)

VM Mutex/Monitor currently owned by a thread: None

Heap:
 PSYoungGen      total 447488K, used 51268K [0x00000000e0000000, 0x0000000100000000, 0x0000000100000000)
  eden space 383488K, 12% used [0x00000000e0000000,0x00000000e2dc0fe0,0x00000000f7680000)
  from space 64000K, 6% used [0x00000000f7680000,0x00000000f7ad0030,0x00000000fb500000)
  to   space 61952K, 0% used [0x00000000fc380000,0x00000000fc380000,0x0000000100000000)
 ParOldGen       total 344064K, used 238773K [0x00000000a0000000, 0x00000000b5000000, 0x00000000e0000000)
  object space 344064K, 69% used [0x00000000a0000000,0x00000000ae92d570,0x00000000b5000000)
 Metaspace       used 247501K, capacity 268176K, committed 275160K, reserved 1288192K
  class space    used 30669K, capacity 35283K, committed 36864K, reserved 1048576K

Card table byte_map: [0x0000000011e60000,0x0000000012170000] byte_map_base: 0x0000000011960000

Marking Bits: (ParMarkBitMap*) 0x0000000073ef5aa0
 Begin Bits: [0x0000000012770000, 0x0000000013f70000)
 End Bits:   [0x0000000013f70000, 0x0000000015770000)

Polling page: 0x0000000002780000

CodeCache: size=245760Kb used=175269Kb max_used=176166Kb free=70490Kb
 bounds [0x0000000002aa0000, 0x000000000d7f0000, 0x0000000011aa0000]
 total_blobs=48047 nmethods=47130 adapters=826
 compilation: enabled

Compilation events (10 events):
Event: 30748.586 Thread 0x000000001640e000 nmethod 66932% 0x000000000c8c58d0 code [0x000000000c8c5a60, 0x000000000c8c6338]
Event: 30748.652 Thread 0x0000000016442800 66933       3       com.google.common.io.ByteSource::sizeIfKnown (4 bytes)
Event: 30748.652 Thread 0x0000000016442800 nmethod 66933 0x000000000bdd3a90 code [0x000000000bdd3c00, 0x000000000bdd3e10]
Event: 30748.675 Thread 0x0000000016413000 66934 %     4       com.android.builder.merge.LazyIncrementalFileMergerInput::lambda$new$2 @ 27 (104 bytes)
Event: 30748.713 Thread 0x0000000016442800 66935       3       com.google.common.util.concurrent.AbstractFuture::addListener (75 bytes)
Event: 30748.715 Thread 0x0000000016442800 nmethod 66935 0x000000000d085550 code [0x000000000d085760, 0x000000000d086068]
Event: 30748.719 Thread 0x0000000016442800 66936       3       com.google.common.util.concurrent.Futures::getDone (17 bytes)
Event: 30748.720 Thread 0x0000000016442800 nmethod 66936 0x0000000009266a90 code [0x0000000009266c40, 0x00000000092671b8]
Event: 30748.773 Thread 0x000000001640e000 66937       4       com.google.common.io.Files$FileByteSource::openStream (5 bytes)
Event: 30748.776 Thread 0x000000001640e000 nmethod 66937 0x0000000003d482d0 code [0x0000000003d48420, 0x0000000003d48528]

GC Heap History (10 events):
Event: 30373.588 GC heap before
{Heap before GC invocations=234 (full 7):
 PSYoungGen      total 435712K, used 364755K [0x00000000e0000000, 0x00000000ff900000, 0x0000000100000000)
  eden space 360448K, 99% used [0x00000000e0000000,0x00000000f5f36d70,0x00000000f6000000)
  from space 75264K, 6% used [0x00000000faf80000,0x00000000fb47e080,0x00000000ff900000)
  to   space 78336K, 0% used [0x00000000f6000000,0x00000000f6000000,0x00000000fac80000)
 ParOldGen       total 344064K, used 229035K [0x00000000a0000000, 0x00000000b5000000, 0x00000000e0000000)
  object space 344064K, 66% used [0x00000000a0000000,0x00000000adfaaf18,0x00000000b5000000)
 Metaspace       used 247443K, capacity 268150K, committed 275160K, reserved 1288192K
  class space    used 30667K, capacity 35280K, committed 36864K, reserved 1048576K
Event: 30373.598 GC heap after
Heap after GC invocations=234 (full 7):
 PSYoungGen      total 438784K, used 10410K [0x00000000e0000000, 0x00000000ffd00000, 0x0000000100000000)
  eden space 360448K, 0% used [0x00000000e0000000,0x00000000e0000000,0x00000000f6000000)
  from space 78336K, 13% used [0x00000000f6000000,0x00000000f6a2a998,0x00000000fac80000)
  to   space 75264K, 0% used [0x00000000fb380000,0x00000000fb380000,0x00000000ffd00000)
 ParOldGen       total 344064K, used 229755K [0x00000000a0000000, 0x00000000b5000000, 0x00000000e0000000)
  object space 344064K, 66% used [0x00000000a0000000,0x00000000ae05efb8,0x00000000b5000000)
 Metaspace       used 247443K, capacity 268150K, committed 275160K, reserved 1288192K
  class space    used 30667K, capacity 35280K, committed 36864K, reserved 1048576K
}
Event: 30735.395 GC heap before
{Heap before GC invocations=235 (full 7):
 PSYoungGen      total 438784K, used 370858K [0x00000000e0000000, 0x00000000ffd00000, 0x0000000100000000)
  eden space 360448K, 100% used [0x00000000e0000000,0x00000000f6000000,0x00000000f6000000)
  from space 78336K, 13% used [0x00000000f6000000,0x00000000f6a2a998,0x00000000fac80000)
  to   space 75264K, 0% used [0x00000000fb380000,0x00000000fb380000,0x00000000ffd00000)
 ParOldGen       total 344064K, used 229755K [0x00000000a0000000, 0x00000000b5000000, 0x00000000e0000000)
  object space 344064K, 66% used [0x00000000a0000000,0x00000000ae05efb8,0x00000000b5000000)
 Metaspace       used 247472K, capacity 268172K, committed 275160K, reserved 1288192K
  class space    used 30669K, capacity 35283K, committed 36864K, reserved 1048576K
Event: 30735.409 GC heap after
Heap after GC invocations=235 (full 7):
 PSYoungGen      total 439808K, used 6624K [0x00000000e0000000, 0x00000000ff700000, 0x0000000100000000)
  eden space 370688K, 0% used [0x00000000e0000000,0x00000000e0000000,0x00000000f6a00000)
  from space 69120K, 9% used [0x00000000fb380000,0x00000000fb9f8040,0x00000000ff700000)
  to   space 72192K, 0% used [0x00000000f6a00000,0x00000000f6a00000,0x00000000fb080000)
 ParOldGen       total 344064K, used 231028K [0x00000000a0000000, 0x00000000b5000000, 0x00000000e0000000)
  object space 344064K, 67% used [0x00000000a0000000,0x00000000ae19d128,0x00000000b5000000)
 Metaspace       used 247472K, capacity 268172K, committed 275160K, reserved 1288192K
  class space    used 30669K, capacity 35283K, committed 36864K, reserved 1048576K
}
Event: 30743.112 GC heap before
{Heap before GC invocations=236 (full 7):
 PSYoungGen      total 439808K, used 377286K [0x00000000e0000000, 0x00000000ff700000, 0x0000000100000000)
  eden space 370688K, 99% used [0x00000000e0000000,0x00000000f69f9a18,0x00000000f6a00000)
  from space 69120K, 9% used [0x00000000fb380000,0x00000000fb9f8040,0x00000000ff700000)
  to   space 72192K, 0% used [0x00000000f6a00000,0x00000000f6a00000,0x00000000fb080000)
 ParOldGen       total 344064K, used 231028K [0x00000000a0000000, 0x00000000b5000000, 0x00000000e0000000)
  object space 344064K, 67% used [0x00000000a0000000,0x00000000ae19d128,0x00000000b5000000)
 Metaspace       used 247480K, capacity 268172K, committed 275160K, reserved 1288192K
  class space    used 30669K, capacity 35283K, committed 36864K, reserved 1048576K
Event: 30743.140 GC heap after
Heap after GC invocations=236 (full 7):
 PSYoungGen      total 442880K, used 9774K [0x00000000e0000000, 0x00000000ffc00000, 0x0000000100000000)
  eden space 370688K, 0% used [0x00000000e0000000,0x00000000e0000000,0x00000000f6a00000)
  from space 72192K, 13% used [0x00000000f6a00000,0x00000000f738b978,0x00000000fb080000)
  to   space 68608K, 0% used [0x00000000fb900000,0x00000000fb900000,0x00000000ffc00000)
 ParOldGen       total 344064K, used 235942K [0x00000000a0000000, 0x00000000b5000000, 0x00000000e0000000)
  object space 344064K, 68% used [0x00000000a0000000,0x00000000ae669970,0x00000000b5000000)
 Metaspace       used 247480K, capacity 268172K, committed 275160K, reserved 1288192K
  class space    used 30669K, capacity 35283K, committed 36864K, reserved 1048576K
}
Event: 30745.018 GC heap before
{Heap before GC invocations=237 (full 7):
 PSYoungGen      total 442880K, used 380462K [0x00000000e0000000, 0x00000000ffc00000, 0x0000000100000000)
  eden space 370688K, 100% used [0x00000000e0000000,0x00000000f6a00000,0x00000000f6a00000)
  from space 72192K, 13% used [0x00000000f6a00000,0x00000000f738b978,0x00000000fb080000)
  to   space 68608K, 0% used [0x00000000fb900000,0x00000000fb900000,0x00000000ffc00000)
 ParOldGen       total 344064K, used 235942K [0x00000000a0000000, 0x00000000b5000000, 0x00000000e0000000)
  object space 344064K, 68% used [0x00000000a0000000,0x00000000ae669970,0x00000000b5000000)
 Metaspace       used 247484K, capacity 268172K, committed 275160K, reserved 1288192K
  class space    used 30669K, capacity 35283K, committed 36864K, reserved 1048576K
Event: 30745.032 GC heap after
Heap after GC invocations=237 (full 7):
 PSYoungGen      total 443392K, used 18426K [0x00000000e0000000, 0x00000000ff380000, 0x0000000100000000)
  eden space 383488K, 0% used [0x00000000e0000000,0x00000000e0000000,0x00000000f7680000)
  from space 59904K, 30% used [0x00000000fb900000,0x00000000fcafea40,0x00000000ff380000)
  to   space 64000K, 0% used [0x00000000f7680000,0x00000000f7680000,0x00000000fb500000)
 ParOldGen       total 344064K, used 238309K [0x00000000a0000000, 0x00000000b5000000, 0x00000000e0000000)
  object space 344064K, 69% used [0x00000000a0000000,0x00000000ae8b94f0,0x00000000b5000000)
 Metaspace       used 247484K, capacity 268172K, committed 275160K, reserved 1288192K
  class space    used 30669K, capacity 35283K, committed 36864K, reserved 1048576K
}
Event: 30748.597 GC heap before
{Heap before GC invocations=238 (full 7):
 PSYoungGen      total 443392K, used 401914K [0x00000000e0000000, 0x00000000ff380000, 0x0000000100000000)
  eden space 383488K, 100% used [0x00000000e0000000,0x00000000f7680000,0x00000000f7680000)
  from space 59904K, 30% used [0x00000000fb900000,0x00000000fcafea40,0x00000000ff380000)
  to   space 64000K, 0% used [0x00000000f7680000,0x00000000f7680000,0x00000000fb500000)
 ParOldGen       total 344064K, used 238309K [0x00000000a0000000, 0x00000000b5000000, 0x00000000e0000000)
  object space 344064K, 69% used [0x00000000a0000000,0x00000000ae8b94f0,0x00000000b5000000)
 Metaspace       used 247491K, capacity 268172K, committed 275160K, reserved 1288192K
  class space    used 30669K, capacity 35283K, committed 36864K, reserved 1048576K
Event: 30748.606 GC heap after
Heap after GC invocations=238 (full 7):
 PSYoungGen      total 447488K, used 4416K [0x00000000e0000000, 0x0000000100000000, 0x0000000100000000)
  eden space 383488K, 0% used [0x00000000e0000000,0x00000000e0000000,0x00000000f7680000)
  from space 64000K, 6% used [0x00000000f7680000,0x00000000f7ad0030,0x00000000fb500000)
  to   space 61952K, 0% used [0x00000000fc380000,0x00000000fc380000,0x0000000100000000)
 ParOldGen       total 344064K, used 238773K [0x00000000a0000000, 0x00000000b5000000, 0x00000000e0000000)
  object space 344064K, 69% used [0x00000000a0000000,0x00000000ae92d570,0x00000000b5000000)
 Metaspace       used 247491K, capacity 268172K, committed 275160K, reserved 1288192K
  class space    used 30669K, capacity 35283K, committed 36864K, reserved 1048576K
}

Deoptimization events (10 events):
Event: 30740.773 Thread 0x000000001b2f2800 Uncommon trap: reason=bimorphic action=maybe_recompile pc=0x00000000076a8b48 method=com.sun.tools.javac.tree.TreeInfo.isEnumInit(Lcom/sun/tools/javac/tree/JCTree;)Z @ 4
Event: 30740.775 Thread 0x000000001b2f2800 Uncommon trap: reason=class_check action=maybe_recompile pc=0x0000000007bd5758 method=com.sun.tools.javac.code.Type$ArrayType.map(Lcom/sun/tools/javac/code/Type$Mapping;)Lcom/sun/tools/javac/code/Type; @ 5
Event: 30740.787 Thread 0x000000001b2f2800 Uncommon trap: reason=class_check action=maybe_recompile pc=0x000000000cb78ab8 method=com.sun.tools.javac.code.Type$ArrayType.isErroneous()Z @ 4
Event: 30740.787 Thread 0x000000001b2f2800 Uncommon trap: reason=class_check action=maybe_recompile pc=0x000000000cb78ab8 method=com.sun.tools.javac.code.Type$ArrayType.isErroneous()Z @ 4
Event: 30740.788 Thread 0x000000001b2f2800 Uncommon trap: reason=class_check action=maybe_recompile pc=0x000000000d739198 method=com.sun.tools.javac.comp.Resolve.rawInstantiate(Lcom/sun/tools/javac/comp/Env;Lcom/sun/tools/javac/code/Type;Lcom/sun/tools/javac/code/Symbol;Lcom/sun/tools/javac/comp/A
Event: 30740.788 Thread 0x000000001b2f2800 Uncommon trap: reason=class_check action=maybe_recompile pc=0x000000000d739198 method=com.sun.tools.javac.comp.Resolve.rawInstantiate(Lcom/sun/tools/javac/comp/Env;Lcom/sun/tools/javac/code/Type;Lcom/sun/tools/javac/code/Symbol;Lcom/sun/tools/javac/comp/A
Event: 30740.788 Thread 0x000000001b2f2800 Uncommon trap: reason=class_check action=maybe_recompile pc=0x000000000d739198 method=com.sun.tools.javac.comp.Resolve.rawInstantiate(Lcom/sun/tools/javac/comp/Env;Lcom/sun/tools/javac/code/Type;Lcom/sun/tools/javac/code/Symbol;Lcom/sun/tools/javac/comp/A
Event: 30740.788 Thread 0x000000001b2f2800 Uncommon trap: reason=class_check action=maybe_recompile pc=0x000000000d739198 method=com.sun.tools.javac.comp.Resolve.rawInstantiate(Lcom/sun/tools/javac/comp/Env;Lcom/sun/tools/javac/code/Type;Lcom/sun/tools/javac/code/Symbol;Lcom/sun/tools/javac/comp/A
Event: 30740.808 Thread 0x000000001b2f2800 Uncommon trap: reason=unstable_if action=reinterpret pc=0x0000000004babc58 method=com.sun.tools.javac.code.Scope.lookup(Lcom/sun/tools/javac/util/Name;Lcom/sun/tools/javac/util/Filter;)Lcom/sun/tools/javac/code/Scope$Entry; @ 19
Event: 30740.808 Thread 0x000000001b2f2800 Uncommon trap: reason=bimorphic action=maybe_recompile pc=0x0000000004c226b8 method=com.sun.tools.javac.code.Types.capture(Lcom/sun/tools/javac/code/Type;)Lcom/sun/tools/javac/code/Type; @ 13

Classes redefined (0 events):
No events

Internal exceptions (10 events):
Event: 30743.946 Thread 0x0000000029438800 Exception <a 'sun/nio/fs/WindowsException'> (0x00000000e457a688) thrown at [D:\src\AOSP-openjdk-cygwin\jdk8u\hotspot\src\share\vm\prims\jni.cpp, line 709]
Event: 30744.062 Thread 0x0000000029438800 Exception <a 'sun/nio/fs/WindowsException'> (0x00000000e61b5040) thrown at [D:\src\AOSP-openjdk-cygwin\jdk8u\hotspot\src\share\vm\prims\jni.cpp, line 709]
Event: 30744.922 Thread 0x000000001b354800 Exception <a 'sun/nio/fs/WindowsException'> (0x00000000f55c12c0) thrown at [D:\src\AOSP-openjdk-cygwin\jdk8u\hotspot\src\share\vm\prims\jni.cpp, line 709]
Event: 30745.001 Thread 0x0000000029438800 Exception <a 'sun/nio/fs/WindowsException'> (0x00000000f5704380) thrown at [D:\src\AOSP-openjdk-cygwin\jdk8u\hotspot\src\share\vm\prims\jni.cpp, line 709]
Event: 30745.010 Thread 0x000000002de12000 Exception <a 'sun/nio/fs/WindowsException'> (0x00000000f579ae58) thrown at [D:\src\AOSP-openjdk-cygwin\jdk8u\hotspot\src\share\vm\prims\jni.cpp, line 709]
Event: 30745.182 Thread 0x000000002de16800 Exception <a 'sun/nio/fs/WindowsException'> (0x00000000e3e0fbc8) thrown at [D:\src\AOSP-openjdk-cygwin\jdk8u\hotspot\src\share\vm\prims\jni.cpp, line 709]
Event: 30745.239 Thread 0x000000002de18800 Exception <a 'sun/nio/fs/WindowsException'> (0x00000000e58821a0) thrown at [D:\src\AOSP-openjdk-cygwin\jdk8u\hotspot\src\share\vm\prims\jni.cpp, line 709]
Event: 30745.858 Thread 0x000000002de18800 Exception <a 'sun/nio/fs/WindowsException'> (0x00000000edd48d88) thrown at [D:\src\AOSP-openjdk-cygwin\jdk8u\hotspot\src\share\vm\prims\jni.cpp, line 709]
Event: 30745.974 Thread 0x0000000029438800 Exception <a 'sun/nio/fs/WindowsException'> (0x00000000ee54bbc8) thrown at [D:\src\AOSP-openjdk-cygwin\jdk8u\hotspot\src\share\vm\prims\jni.cpp, line 709]
Event: 30748.297 Thread 0x0000000029438800 Exception <a 'sun/nio/fs/WindowsException'> (0x00000000f3950cb0) thrown at [D:\src\AOSP-openjdk-cygwin\jdk8u\hotspot\src\share\vm\prims\jni.cpp, line 709]

Events (10 events):
Event: 30747.868 Thread 0x000000002de12000 Thread exited: 0x000000002de12000
Event: 30748.459 Thread 0x0000000016413000 flushing nmethod 0x0000000002c2dd10
Event: 30748.459 Thread 0x0000000016413000 flushing nmethod 0x0000000002d02e50
Event: 30748.597 Executing VM operation: ParallelGCFailedAllocation
Event: 30748.607 Executing VM operation: ParallelGCFailedAllocation done
Event: 30748.654 Thread 0x0000000016442800 flushing nmethod 0x0000000003b57f50
Event: 30748.655 Thread 0x0000000016442800 flushing nmethod 0x0000000003d48190
Event: 30748.716 Thread 0x0000000016442800 flushing nmethod 0x000000000421c510
Event: 30748.719 Thread 0x0000000016442800 flushing nmethod 0x00000000046c4950
Event: 30748.777 Thread 0x000000001640e000 flushing nmethod 0x00000000050ab250


Dynamic libraries:
0x00007ff64fc70000 - 0x00007ff64fca1000 	D:\Android\AndroidStudioPreview\android-studio\jre\bin\java.exe
0x00007ffa53ec0000 - 0x00007ffa540a1000 	C:\Windows\SYSTEM32\ntdll.dll
0x00007ffa513f0000 - 0x00007ffa514a2000 	C:\Windows\System32\KERNEL32.DLL
0x00007ffa50cf0000 - 0x00007ffa50f63000 	C:\Windows\System32\KERNELBASE.dll
0x00007ffa533b0000 - 0x00007ffa53451000 	C:\Windows\System32\ADVAPI32.dll
0x00007ffa539c0000 - 0x00007ffa53a5e000 	C:\Windows\System32\msvcrt.dll
0x00007ffa538b0000 - 0x00007ffa5390b000 	C:\Windows\System32\sechost.dll
0x00007ffa53b60000 - 0x00007ffa53c84000 	C:\Windows\System32\RPCRT4.dll
0x00007ffa53180000 - 0x00007ffa53310000 	C:\Windows\System32\USER32.dll
0x00007ffa50b80000 - 0x00007ffa50ba0000 	C:\Windows\System32\win32u.dll
0x00007ffa53980000 - 0x00007ffa539a8000 	C:\Windows\System32\GDI32.dll
0x00007ffa51160000 - 0x00007ffa512f2000 	C:\Windows\System32\gdi32full.dll
0x00007ffa50ba0000 - 0x00007ffa50c3f000 	C:\Windows\System32\msvcp_win.dll
0x00007ffa50310000 - 0x00007ffa5040a000 	C:\Windows\System32\ucrtbase.dll
0x00007ffa42670000 - 0x00007ffa428d9000 	C:\Windows\WinSxS\amd64_microsoft.windows.common-controls_6595b64144ccf1df_6.0.17134.48_none_b4b2216a3cb4dd3e\COMCTL32.dll
0x00007ffa51810000 - 0x00007ffa51b33000 	C:\Windows\System32\combase.dll
0x00007ffa50290000 - 0x00007ffa5030a000 	C:\Windows\System32\bcryptPrimitives.dll
0x00007ffa51350000 - 0x00007ffa5137d000 	C:\Windows\System32\IMM32.DLL
0x0000000073650000 - 0x0000000073722000 	D:\Android\AndroidStudioPreview\android-studio\jre\jre\bin\msvcr100.dll
0x0000000073730000 - 0x0000000073f71000 	D:\Android\AndroidStudioPreview\android-studio\jre\jre\bin\server\jvm.dll
0x00007ffa51380000 - 0x00007ffa51388000 	C:\Windows\System32\PSAPI.DLL
0x00007ffa4ec20000 - 0x00007ffa4ec29000 	C:\Windows\SYSTEM32\WSOCK32.dll
0x00007ffa4e030000 - 0x00007ffa4e053000 	C:\Windows\SYSTEM32\WINMM.dll
0x00007ffa4ee00000 - 0x00007ffa4ee0a000 	C:\Windows\SYSTEM32\VERSION.dll
0x00007ffa53910000 - 0x00007ffa5397c000 	C:\Windows\System32\WS2_32.dll
0x00007ffa4dfd0000 - 0x00007ffa4dffa000 	C:\Windows\SYSTEM32\winmmbase.dll
0x00007ffa51300000 - 0x00007ffa51349000 	C:\Windows\System32\cfgmgr32.dll
0x00007ffa4e8c0000 - 0x00007ffa4e8cf000 	D:\Android\AndroidStudioPreview\android-studio\jre\jre\bin\verify.dll
0x00007ffa49de0000 - 0x00007ffa49e09000 	D:\Android\AndroidStudioPreview\android-studio\jre\jre\bin\java.dll
0x00007ffa4e0e0000 - 0x00007ffa4e0f6000 	D:\Android\AndroidStudioPreview\android-studio\jre\jre\bin\zip.dll
0x00007ffa51b40000 - 0x00007ffa52f80000 	C:\Windows\System32\SHELL32.dll
0x00007ffa514b0000 - 0x00007ffa51559000 	C:\Windows\System32\shcore.dll
0x00007ffa50410000 - 0x00007ffa50b1d000 	C:\Windows\System32\windows.storage.dll
0x00007ffa52f80000 - 0x00007ffa52fd1000 	C:\Windows\System32\shlwapi.dll
0x00007ffa50210000 - 0x00007ffa50221000 	C:\Windows\System32\kernel.appcore.dll
0x00007ffa501d0000 - 0x00007ffa501ef000 	C:\Windows\System32\profapi.dll
0x00007ffa50240000 - 0x00007ffa5028c000 	C:\Windows\System32\powrprof.dll
0x00007ffa50230000 - 0x00007ffa5023a000 	C:\Windows\System32\FLTLIB.DLL
0x00007ffa4c6e0000 - 0x00007ffa4c6fa000 	D:\Android\AndroidStudioPreview\android-studio\jre\jre\bin\net.dll
0x00007ffa4f9f0000 - 0x00007ffa4fa56000 	C:\Windows\system32\mswsock.dll
0x00007ffa4c620000 - 0x00007ffa4c631000 	D:\Android\AndroidStudioPreview\android-studio\jre\jre\bin\nio.dll
0x00007ffa4ee90000 - 0x00007ffa4eeae000 	C:\Users\danie\.gradle\native\25\windows-amd64\native-platform.dll
0x00007ffa4c6b0000 - 0x00007ffa4c6bd000 	D:\Android\AndroidStudioPreview\android-studio\jre\jre\bin\management.dll
0x00007ffa4fba0000 - 0x00007ffa4fbb7000 	C:\Windows\SYSTEM32\CRYPTSP.dll
0x00007ffa4f5d0000 - 0x00007ffa4f603000 	C:\Windows\system32\rsaenh.dll
0x00007ffa4fd30000 - 0x00007ffa4fd55000 	C:\Windows\SYSTEM32\bcrypt.dll
0x00007ffa50100000 - 0x00007ffa50128000 	C:\Windows\SYSTEM32\USERENV.dll
0x00007ffa4fbc0000 - 0x00007ffa4fbcb000 	C:\Windows\SYSTEM32\CRYPTBASE.dll
0x00007ffa4f770000 - 0x00007ffa4f7a8000 	C:\Windows\SYSTEM32\IPHLPAPI.DLL
0x00007ffa539b0000 - 0x00007ffa539b8000 	C:\Windows\System32\NSI.dll
0x00007ffa47160000 - 0x00007ffa47176000 	C:\Windows\SYSTEM32\dhcpcsvc6.DLL
0x00007ffa47280000 - 0x00007ffa4729a000 	C:\Windows\SYSTEM32\dhcpcsvc.DLL
0x00007ffa48ea0000 - 0x00007ffa48ec4000 	D:\Android\AndroidStudioPreview\android-studio\jre\jre\bin\sunec.dll
0x00007ffa4f7b0000 - 0x00007ffa4f86e000 	C:\Windows\SYSTEM32\DNSAPI.dll
0x00007ffa44b00000 - 0x00007ffa44b0a000 	C:\Windows\System32\rasadhlp.dll
0x00007ffa44c50000 - 0x00007ffa44cc2000 	C:\Windows\System32\fwpuclnt.dll
0x00007ffa4c510000 - 0x00007ffa4c51b000 	D:\Android\AndroidStudioPreview\android-studio\jre\jre\bin\sunmscapi.dll
0x00007ffa50f70000 - 0x00007ffa51152000 	C:\Windows\System32\CRYPT32.dll
0x00007ffa501f0000 - 0x00007ffa50202000 	C:\Windows\System32\MSASN1.dll
0x00007ffa4f2f0000 - 0x00007ffa4f321000 	C:\Windows\SYSTEM32\ntmarta.dll

VM Arguments:
jvm_args: -Xmx1536m -Dfile.encoding=windows-1252 -Duser.country=BR -Duser.language=pt -Duser.variant 
java_command: org.gradle.launcher.daemon.bootstrap.GradleDaemon 4.6
java_class_path (initial): C:\Users\danie\.gradle\wrapper\dists\gradle-4.6-all\bcst21l2brirad8k2ben1letg\gradle-4.6\lib\gradle-launcher-4.6.jar
Launcher Type: SUN_STANDARD

Environment Variables:
JAVA_HOME=C:\Program Files\Java\jdk1.8.0_172
PATH=C:\Program Files (x86)\Common Files\Oracle\Java\javapath;C:\Windows\system32;C:\Windows;C:\Windows\System32\Wbem;C:\Windows\System32\WindowsPowerShell\v1.0\;C:\Windows\System32\OpenSSH\;C:\Program Files\Java\jdk1.8.0_172\bin;C:\Program Files\Git\cmd;C:\Users\danie\AppData\Local\Microsoft\WindowsApps;
USERNAME=danie
OS=Windows_NT
PROCESSOR_IDENTIFIER=Intel64 Family 6 Model 42 Stepping 7, GenuineIntel



---------------  S Y S T E M  ---------------

OS: Windows 10.0 , 64 bit Build 17134 (10.0.17134.1)

CPU:total 4 (initial active 4) (2 cores per cpu, 2 threads per core) family 6 model 42 stepping 7, cmov, cx8, fxsr, mmx, sse, sse2, sse3, ssse3, sse4.1, sse4.2, popcnt, avx, aes, clmul, ht, tsc, tscinvbit

Memory: 4k page, physical 6972700k(649828k free), swap 8923420k(6276k free)

vm_info: OpenJDK 64-Bit Server VM (25.152-b04) for windows-amd64 JRE (1.8.0_152-release-1136-b04), built by "builder" with MS VC++ 10.0 (VS2010)

time: Sat Jun 16 23:28:50 2018
elapsed time: 30748 seconds (0d 8h 32m 28s)

